
Showing logs for build [32mcb-kubecd-environment-pr-208-21-fk72p-1[0m stage [32mfrom-build-pack[0m and container [32mstep-credential-initializer-pqlbt[0m
{"level":"info","ts":1587646168.2878854,"logger":"fallback-logger","caller":"logging/config.go:69","msg":"Fetch GitHub commit ID from kodata failed: open /var/run/ko/refs/heads/0.8.0-ns-support: no such file or directory"}
{"level":"info","ts":1587646168.2888234,"logger":"fallback-logger","caller":"creds-init/main.go:40","msg":"Credentials initialized."}

Showing logs for build [32mcb-kubecd-environment-pr-208-21-fk72p-1[0m stage [32mfrom-build-pack[0m and container [32mstep-working-dir-initializer-pq498[0m
{"level":"info","ts":1587646168.741803,"logger":"fallback-logger","caller":"logging/config.go:69","msg":"Fetch GitHub commit ID from kodata failed: open /var/run/ko/HEAD: no such file or directory"}
{"level":"info","ts":1587646168.7442658,"logger":"fallback-logger","caller":"bash/main.go:64","msg":"Successfully executed command \"sh -c mkdir -p /workspace/source\"; output "}

Showing logs for build [32mcb-kubecd-environment-pr-208-21-fk72p-1[0m stage [32mfrom-build-pack[0m and container [32mstep-place-tools[0m

Showing logs for build [32mcb-kubecd-environment-pr-208-21-fk72p-1[0m stage [32mfrom-build-pack[0m and container [32mstep-git-source-cb-kubecd-environment-pr-208-21-fk72p-2fbln[0m
{"level":"info","ts":1587646197.8203125,"logger":"fallback-logger","caller":"logging/config.go:69","msg":"Fetch GitHub commit ID from kodata failed: open /var/run/ko/refs/heads/0.8.0-ns-support: no such file or directory"}
{"level":"info","ts":1587646198.8898096,"logger":"fallback-logger","caller":"git/git.go:103","msg":"Successfully cloned https://github.com/cb-kubecd/environment-pr-208-21-boot-gke-staging.git @ master in path /workspace/source"}

Showing logs for build [32mcb-kubecd-environment-pr-208-21-fk72p-1[0m stage [32mfrom-build-pack[0m and container [32mstep-git-merge[0m
Using SHAs from PULL_REFS=master:3b711c2eaa8063d2ca06400bc97937dad7983de1,1:27e856d2b84fc8313f55ee3d2654e2af3623eb4e
DEBUG: JX_LOG_LEVEL=error LC_ALL=C git fetch origin --unshallow 27e856d2b84fc8313f55ee3d2654e2af3623eb4e: 3b711c2eaa8063d2ca06400bc97937dad7983de1:
DEBUG: ran git fetch --unshallow origin 27e856d2b84fc8313f55ee3d2654e2af3623eb4e: 3b711c2eaa8063d2ca06400bc97937dad7983de1: in 
DEBUG: LC_ALL=C JX_LOG_LEVEL=error git branch
DEBUG: LC_ALL=C JX_LOG_LEVEL=error git checkout master
DEBUG: ran git checkout master in 
DEBUG: LC_ALL=C JX_LOG_LEVEL=error git reset --hard 3b711c2eaa8063d2ca06400bc97937dad7983de1
DEBUG: ran git reset --hard 3b711c2eaa8063d2ca06400bc97937dad7983de1 in 
DEBUG: LC_ALL=C JX_LOG_LEVEL=error git clean -fd .
DEBUG: ran clean --force -d . in 
DEBUG: LC_ALL=C JX_LOG_LEVEL=error git merge 27e856d2b84fc8313f55ee3d2654e2af3623eb4e
DEBUG: ran git merge 27e856d2b84fc8313f55ee3d2654e2af3623eb4e in 
DEBUG: LC_ALL=C JX_LOG_LEVEL=error git log --format=%H%x1f%an%x1f%ae%x1f%cn%x1f%ce%x1f%s%n%b%x1e 3b711c2eaa8063d2ca06400bc97937dad7983de1..HEAD
Merged SHA 27e856d2b84fc8313f55ee3d2654e2af3623eb4e with commit message 'chore: Promote bdd-spring-1587645825 to version 0.0.1' into base branch master

Showing logs for build [32mcb-kubecd-environment-pr-208-21-fk72p-1[0m stage [32mfrom-build-pack[0m and container [32mstep-build-helm-build[0m
WARNING: No $CHART_REPOSITORY defined so using the default value of: http://jenkins-x-chartmuseum:8080
Adding missing Helm repo: storage.googleapis.com https://storage.googleapis.com/chartmuseum.jenkins-x.io
WARNING: No secrets found on "helm/repos" due: reading the secret "helm/repos" from vault: no secret "helm/repos" not found in vault
Read credentials for https://storage.googleapis.com/chartmuseum.jenkins-x.io from vault helm/repos
Successfully added Helm repository storage.googleapis.com.
Adding missing Helm repo: jenkins-x-chartmuseum http://jenkins-x-chartmuseum:8080
WARNING: No secrets found on "helm/repos" due: reading the secret "helm/repos" from vault: no secret "helm/repos" not found in vault
Read credentials for http://jenkins-x-chartmuseum:8080 from vault helm/repos
Successfully added Helm repository jenkins-x-chartmuseum.
WARNING: No $CHART_REPOSITORY defined so using the default value of: http://jenkins-x-chartmuseum:8080
Adding missing Helm repo: chartmuseum.jenkins-x.io http://chartmuseum.jenkins-x.io
WARNING: No secrets found on "helm/repos" due: reading the secret "helm/repos" from vault: no secret "helm/repos" not found in vault
Read credentials for http://chartmuseum.jenkins-x.io from vault helm/repos
Successfully added Helm repository chartmuseum.jenkins-x.io.
